生成启动时间为 2018/7/10 10:18:26。
     1>项目“D:\Documents\Visual Studio 2013\Projects\hello\hello\hello.vcxproj”在节点 2 上(Build 个目标)。
     1>CustomBuild:
         Uic'ing hello.ui...
     1>C:\Program Files (x86)\MSBuild\Microsoft.Cpp\v4.0\V120\Microsoft.CppBuild.targets(935,5): warning MSB8027: Two or more files with the name of moc_hello.cpp will produce outputs to the same location. This can lead to an incorrect build result.  The files involved are GeneratedFiles\Debug\moc_hello.cpp, GeneratedFiles\Release\moc_hello.cpp.
       ClCompile:
         D:\Microsoft Visual Studio 12.0\VC\bin\CL.exe /c /I.\GeneratedFiles /I. /IE:\Qt\Qt5.5.1\5.5\msvc2013\include /I.\GeneratedFiles\Debug /IE:\Qt\Qt5.5.1\5.5\msvc2013\include\QtCore /IE:\Qt\Qt5.5.1\5.5\msvc2013\include\QtGui /IE:\Qt\Qt5.5.1\5.5\msvc2013\include\QtWidgets /Zi /nologo /W1 /WX- /Od /Oy- /D UNICODE /D WIN32 /D WIN64 /D QT_DLL /D QT_CORE_LIB /D QT_GUI_LIB /D QT_WIDGETS_LIB /Gm- /EHsc /MDd /GS /fp:precise /Zc:wchar_t /Zc:forScope /Fo"Debug\\" /Fd"Debug\vc120.pdb" /Gd /TP /analyze- /errorReport:prompt GeneratedFiles\Debug\moc_hello.cpp hello.cpp main.cpp
         moc_hello.cpp
         hello.cpp
         main.cpp
         正在生成代码...
       Link:
         D:\Microsoft Visual Studio 12.0\VC\bin\link.exe /ERRORREPORT:PROMPT /OUT:"D:\Documents\Visual Studio 2013\Projects\hello\Win32\Debug\\hello.exe" /NOLOGO /LIBPATH:E:\Qt\Qt5.5.1\5.5\msvc2013\lib qtmaind.lib Qt5Cored.lib Qt5Guid.lib Qt5Widgetsd.lib kernel32.lib user32.lib gdi32.lib winspool.lib comdlg32.lib advapi32.lib shell32.lib ole32.lib oleaut32.lib uuid.lib odbc32.lib odbccp32.lib /MANIFEST /MANIFESTUAC:"level='asInvoker' uiAccess='false'" /manifest:embed /DEBUG /PDB:"D:\Documents\Visual Studio 2013\Projects\hello\Win32\Debug\hello.pdb" /SUBSYSTEM:WINDOWS /TLBID:1 /DYNAMICBASE /NXCOMPAT /IMPLIB:"D:\Documents\Visual Studio 2013\Projects\hello\Win32\Debug\hello.lib" /MACHINE:X86 /SAFESEH Debug\moc_hello.obj
         Debug\qrc_hello.obj
         Debug\hello.obj
         Debug\main.obj
         hello.vcxproj -> D:\Documents\Visual Studio 2013\Projects\hello\Win32\Debug\hello.exe
     1>已完成生成项目“D:\Documents\Visual Studio 2013\Projects\hello\hello\hello.vcxproj”(Build 个目标)的操作。

生成成功。

已用时间 00:00:03.01
